<?xml version="1.0" encoding="UTF-8"?>
<!-- Generated by org.testng.reporters.JUnitReportReporter -->
<testsuite hostname="Mds-MacBook-Pro.local" failures="0" tests="2" name="QA.cucumber_runner" time="1.547" errors="0" timestamp="2021-11-09T17:21:49 EST" skipped="0">
  <testcase classname="QA.cucumber_runner" name="openBrowser" time="1.440"/>
  <system-out/>
  <testcase classname="QA.cucumber_runner" name="runScenario" time="0.107"/>
  <system-out/>
</testsuite> <!-- QA.cucumber_runner -->
